This is pdfTeX, Version 3.14159265-2.6-1.40.20 (TeX Live 2019/Debian) (preloaded format=pdflatex 2023.8.22)  17 NOV 2023 16:00
entering extended mode
 \write18 enabled.
 file:line:error style messages enabled.
 %&-line parsing enabled.
**/media/ba13/Data/College/7.0_Sem/CS771/Assignment2/hw2/hw2sol.tex
(/media/ba13/Data/College/7.0_Sem/CS771/Assignment2/hw2/hw2sol.tex
LaTeX2e <2020-02-02> patch level 2
L3 programming layer <2020-02-14> (/usr/share/texlive/texmf-dist/tex/latex/base/article.cls
Document Class: article 2019/12/20 v1.4l Standard LaTeX document class
(/usr/share/texlive/texmf-dist/tex/latex/base/size11.clo
File: size11.clo 2019/12/20 v1.4l Standard LaTeX file (size option)
)
\c@part=\count167
\c@section=\count168
\c@subsection=\count169
\c@subsubsection=\count170
\c@paragraph=\count171
\c@subparagraph=\count172
\c@figure=\count173
\c@table=\count174
\abovecaptionskip=\skip47
\belowcaptionskip=\skip48
\bibindent=\dimen134
) (/media/ba13/Data/College/7.0_Sem/CS771/Assignment2/hw2/mlsubmit.sty (/media/ba13/Data/College/7.0_Sem/CS771/Assignment2/hw2/ml.sty (/usr/share/texlive/texmf-dist/tex/latex/preprint/fullpage.sty
Package: fullpage 1999/02/23 1.1 (PWD)
\FP@margin=\skip49
) (/usr/share/texlive/texmf-dist/tex/latex/amsmath/amsmath.sty
Package: amsmath 2020/01/20 v2.17e AMS math features
\@mathmargin=\skip50

For additional information on amsmath, use the `?' option.
(/usr/share/texlive/texmf-dist/tex/latex/amsmath/amstext.sty
Package: amstext 2000/06/29 v2.01 AMS text
 (/usr/share/texlive/texmf-dist/tex/latex/amsmath/amsgen.sty
File: amsgen.sty 1999/11/30 v2.0 generic functions
\@emptytoks=\toks14
\ex@=\dimen135
)) (/usr/share/texlive/texmf-dist/tex/latex/amsmath/amsbsy.sty
Package: amsbsy 1999/11/29 v1.2d Bold Symbols
\pmbraise@=\dimen136
) (/usr/share/texlive/texmf-dist/tex/latex/amsmath/amsopn.sty
Package: amsopn 2016/03/08 v2.02 operator names
)
\inf@bad=\count175
LaTeX Info: Redefining \frac on input line 227.
\uproot@=\count176
\leftroot@=\count177
LaTeX Info: Redefining \overline on input line 389.
\classnum@=\count178
\DOTSCASE@=\count179
LaTeX Info: Redefining \ldots on input line 486.
LaTeX Info: Redefining \dots on input line 489.
LaTeX Info: Redefining \cdots on input line 610.
\Mathstrutbox@=\box45
\strutbox@=\box46
\big@size=\dimen137
LaTeX Font Info:    Redeclaring font encoding OML on input line 733.
LaTeX Font Info:    Redeclaring font encoding OMS on input line 734.
\macc@depth=\count180
\c@MaxMatrixCols=\count181
\dotsspace@=\muskip16
\c@parentequation=\count182
\dspbrk@lvl=\count183
\tag@help=\toks15
\row@=\count184
\column@=\count185
\maxfields@=\count186
\andhelp@=\toks16
\eqnshift@=\dimen138
\alignsep@=\dimen139
\tagshift@=\dimen140
\tagwidth@=\dimen141
\totwidth@=\dimen142
\lineht@=\dimen143
\@envbody=\toks17
\multlinegap=\skip51
\multlinetaggap=\skip52
\mathdisplay@stack=\toks18
LaTeX Info: Redefining \[ on input line 2859.
LaTeX Info: Redefining \] on input line 2860.
) (/usr/share/texlive/texmf-dist/tex/latex/amscls/amsthm.sty
Package: amsthm 2017/10/31 v2.20.4
\thm@style=\toks19
\thm@bodyfont=\toks20
\thm@headfont=\toks21
\thm@notefont=\toks22
\thm@headpunct=\toks23
\thm@preskip=\skip53
\thm@postskip=\skip54
\thm@headsep=\skip55
\dth@everypar=\toks24
) (/usr/share/texlive/texmf-dist/tex/latex/amsfonts/amssymb.sty
Package: amssymb 2013/01/14 v3.01 AMS font symbols
 (/usr/share/texlive/texmf-dist/tex/latex/amsfonts/amsfonts.sty
Package: amsfonts 2013/01/14 v3.01 Basic AMSFonts support
\symAMSa=\mathgroup4
\symAMSb=\mathgroup5
LaTeX Font Info:    Redeclaring math symbol \hbar on input line 98.
LaTeX Font Info:    Overwriting math alphabet `\mathfrak' in version `bold'
(Font)                  U/euf/m/n --> U/euf/b/n on input line 106.
)) (/usr/share/texlive/texmf-dist/tex/latex/stmaryrd/stmaryrd.sty
Package: stmaryrd 1994/03/03 St Mary's Road symbol package
\symstmry=\mathgroup6
LaTeX Font Info:    Overwriting symbol font `stmry' in version `bold'
(Font)                  U/stmry/m/n --> U/stmry/b/n on input line 89.
) (/usr/share/texlive/texmf-dist/tex/latex/algorithms/algorithmic.sty
Package: algorithmic 2009/08/24 v0.1 Document Style `algorithmic'
 (/usr/share/texlive/texmf-dist/tex/latex/base/ifthen.sty
Package: ifthen 2014/09/29 v1.1c Standard LaTeX ifthen package (DPC)
) (/usr/share/texlive/texmf-dist/tex/latex/graphics/keyval.sty
Package: keyval 2014/10/28 v1.15 key=value parser (DPC)
\KV@toks@=\toks25
)
\c@ALC@unique=\count187
\c@ALC@line=\count188
\c@ALC@rem=\count189
\c@ALC@depth=\count190
\ALC@tlm=\skip56
\algorithmicindent=\skip57
) (/usr/share/texlive/texmf-dist/tex/latex/graphics/graphicx.sty
Package: graphicx 2019/11/30 v1.2a Enhanced LaTeX Graphics (DPC,SPQR)
 (/usr/share/texlive/texmf-dist/tex/latex/graphics/graphics.sty
Package: graphics 2019/11/30 v1.4a Standard LaTeX Graphics (DPC,SPQR)
 (/usr/share/texlive/texmf-dist/tex/latex/graphics/trig.sty
Package: trig 2016/01/03 v1.10 sin cos tan (DPC)
) (/usr/share/texlive/texmf-dist/tex/latex/graphics-cfg/graphics.cfg
File: graphics.cfg 2016/06/04 v1.11 sample graphics configuration
)
Package graphics Info: Driver file: pdftex.def on input line 105.
 (/usr/share/texlive/texmf-dist/tex/latex/graphics-def/pdftex.def
File: pdftex.def 2018/01/08 v1.0l Graphics/color driver for pdftex
))
\Gin@req@height=\dimen144
\Gin@req@width=\dimen145
) (/usr/share/texlive/texmf-dist/tex/latex/titlesec/titlesec.sty
Package: titlesec 2019/10/16 v2.13 Sectioning titles
\ttl@box=\box47
\beforetitleunit=\skip58
\aftertitleunit=\skip59
\ttl@plus=\dimen146
\ttl@minus=\dimen147
\ttl@toksa=\toks26
\titlewidth=\dimen148
\titlewidthlast=\dimen149
\titlewidthfirst=\dimen150
) (/usr/share/texlive/texmf-dist/tex/latex/hyperref/hyperref.sty
Package: hyperref 2020/01/14 v7.00d Hypertext links for LaTeX
 (/usr/share/texlive/texmf-dist/tex/generic/ltxcmds/ltxcmds.sty
Package: ltxcmds 2019/12/15 v1.24 LaTeX kernel commands for general use (HO)
) (/usr/share/texlive/texmf-dist/tex/generic/iftex/iftex.sty
Package: iftex 2019/11/07 v1.0c TeX engine tests
) (/usr/share/texlive/texmf-dist/tex/latex/pdftexcmds/pdftexcmds.sty
Package: pdftexcmds 2019/11/24 v0.31 Utility functions of pdfTeX for LuaTeX (HO)
 (/usr/share/texlive/texmf-dist/tex/generic/infwarerr/infwarerr.sty
Package: infwarerr 2019/12/03 v1.5 Providing info/warning/error messages (HO)
)
Package pdftexcmds Info: \pdf@primitive is available.
Package pdftexcmds Info: \pdf@ifprimitive is available.
Package pdftexcmds Info: \pdfdraftmode found.
) (/usr/share/texlive/texmf-dist/tex/generic/kvsetkeys/kvsetkeys.sty
Package: kvsetkeys 2019/12/15 v1.18 Key value parser (HO)
) (/usr/share/texlive/texmf-dist/tex/generic/kvdefinekeys/kvdefinekeys.sty
Package: kvdefinekeys 2019-12-19 v1.6 Define keys (HO)
) (/usr/share/texlive/texmf-dist/tex/generic/pdfescape/pdfescape.sty
Package: pdfescape 2019/12/09 v1.15 Implements pdfTeX's escape features (HO)
) (/usr/share/texlive/texmf-dist/tex/latex/hycolor/hycolor.sty
Package: hycolor 2020-01-27 v1.10 Color options for hyperref/bookmark (HO)
) (/usr/share/texlive/texmf-dist/tex/latex/letltxmacro/letltxmacro.sty
Package: letltxmacro 2019/12/03 v1.6 Let assignment for LaTeX macros (HO)
) (/usr/share/texlive/texmf-dist/tex/latex/auxhook/auxhook.sty
Package: auxhook 2019-12-17 v1.6 Hooks for auxiliary files (HO)
) (/usr/share/texlive/texmf-dist/tex/latex/kvoptions/kvoptions.sty
Package: kvoptions 2019/11/29 v3.13 Key value format for package options (HO)
)
\@linkdim=\dimen151
\Hy@linkcounter=\count191
\Hy@pagecounter=\count192
 (/usr/share/texlive/texmf-dist/tex/latex/hyperref/pd1enc.def
File: pd1enc.def 2020/01/14 v7.00d Hyperref: PDFDocEncoding definition (HO)
Now handling font encoding PD1 ...
... no UTF-8 mapping file for font encoding PD1
) (/usr/share/texlive/texmf-dist/tex/generic/intcalc/intcalc.sty
Package: intcalc 2019/12/15 v1.3 Expandable calculations with integers (HO)
) (/usr/share/texlive/texmf-dist/tex/generic/etexcmds/etexcmds.sty
Package: etexcmds 2019/12/15 v1.7 Avoid name clashes with e-TeX commands (HO)
)
\Hy@SavedSpaceFactor=\count193
\pdfmajorversion=\count194
Package hyperref Info: Hyper figures OFF on input line 4547.
Package hyperref Info: Link nesting OFF on input line 4552.
Package hyperref Info: Hyper index ON on input line 4555.
Package hyperref Info: Plain pages OFF on input line 4562.
Package hyperref Info: Backreferencing OFF on input line 4567.
Package hyperref Info: Implicit mode ON; LaTeX internals redefined.
Package hyperref Info: Bookmarks ON on input line 4800.
\c@Hy@tempcnt=\count195
 (/usr/share/texlive/texmf-dist/tex/latex/url/url.sty
\Urlmuskip=\muskip17
Package: url 2013/09/16  ver 3.4  Verb mode for urls, etc.
)
LaTeX Info: Redefining \url on input line 5159.
\XeTeXLinkMargin=\dimen152
 (/usr/share/texlive/texmf-dist/tex/generic/bitset/bitset.sty
Package: bitset 2019/12/09 v1.3 Handle bit-vector datatype (HO)
 (/usr/share/texlive/texmf-dist/tex/generic/bigintcalc/bigintcalc.sty
Package: bigintcalc 2019/12/15 v1.5 Expandable calculations on big integers (HO)
))
\Fld@menulength=\count196
\Field@Width=\dimen153
\Fld@charsize=\dimen154
Package hyperref Info: Hyper figures OFF on input line 6430.
Package hyperref Info: Link nesting OFF on input line 6435.
Package hyperref Info: Hyper index ON on input line 6438.
Package hyperref Info: backreferencing OFF on input line 6445.
Package hyperref Info: Link coloring OFF on input line 6450.
Package hyperref Info: Link coloring with OCG OFF on input line 6455.
Package hyperref Info: PDF/A mode OFF on input line 6460.
LaTeX Info: Redefining \ref on input line 6500.
LaTeX Info: Redefining \pageref on input line 6504.
 (/usr/share/texlive/texmf-dist/tex/generic/atbegshi/atbegshi.sty
Package: atbegshi 2019/12/05 v1.19 At begin shipout hook (HO)
)
\Hy@abspage=\count197
\c@Item=\count198
\c@Hfootnote=\count199
)
Package hyperref Info: Driver (autodetected): hpdftex.
 (/usr/share/texlive/texmf-dist/tex/latex/hyperref/hpdftex.def
File: hpdftex.def 2020/01/14 v7.00d Hyperref driver for pdfTeX
 (/usr/share/texlive/texmf-dist/tex/latex/atveryend/atveryend.sty
Package: atveryend 2019-12-11 v1.11 Hooks at the very end of document (HO)
Package atveryend Info: \enddocument detected (standard20110627).
)
\Fld@listcount=\count266
\c@bookmark@seq@number=\count267
 (/usr/share/texlive/texmf-dist/tex/latex/rerunfilecheck/rerunfilecheck.sty
Package: rerunfilecheck 2019/12/05 v1.9 Rerun checks for auxiliary files (HO)
 (/usr/share/texlive/texmf-dist/tex/generic/uniquecounter/uniquecounter.sty
Package: uniquecounter 2019/12/15 v1.4 Provide unlimited unique counter (HO)
)
Package uniquecounter Info: New unique counter `rerunfilecheck' on input line 286.
)
\Hy@SectionHShift=\skip60
) (/usr/share/texlive/texmf-dist/tex/latex/tools/xspace.sty
Package: xspace 2014/10/28 v1.13 Space after command names (DPC,MH)
) (/usr/share/texlive/texmf-dist/tex/latex/natbib/natbib.sty
Package: natbib 2010/09/13 8.31b (PWD, AO)
\bibhang=\skip61
\bibsep=\skip62
LaTeX Info: Redefining \cite on input line 694.
\c@NAT@ctr=\count268
) (/usr/share/texlive/texmf-dist/tex/latex/framed/framed.sty
Package: framed 2011/10/22 v 0.96: framed or shaded text with page breaks
\OuterFrameSep=\skip63
\fb@frw=\dimen155
\fb@frh=\dimen156
\FrameRule=\dimen157
\FrameSep=\dimen158
) (/usr/share/texmf/tex/latex/float.sty
Package: float 2001/11/08 v1.3d Float enhancements (AL)
\c@float@type=\count269
\float@exts=\toks27
\float@box=\box48
\@float@everytoks=\toks28
\@floatcapt=\box49
) (/usr/share/texlive/texmf-dist/tex/latex/colortbl/colortbl.sty
Package: colortbl 2020/01/04 v1.0e Color table columns (DPC)
 (/usr/share/texlive/texmf-dist/tex/latex/tools/array.sty
Package: array 2019/08/31 v2.4l Tabular extension package (FMi)
\col@sep=\dimen159
\ar@mcellbox=\box50
\extrarowheight=\dimen160
\NC@list=\toks29
\extratabsurround=\skip64
\backup@length=\skip65
\ar@cellbox=\box51
) (/usr/share/texlive/texmf-dist/tex/latex/graphics/color.sty
Package: color 2019/11/23 v1.2a Standard LaTeX Color (DPC)
 (/usr/share/texlive/texmf-dist/tex/latex/graphics-cfg/color.cfg
File: color.cfg 2016/01/02 v1.6 sample color configuration
)
Package color Info: Driver file: pdftex.def on input line 147.
)
\everycr=\toks30
\minrowclearance=\skip66
) (/usr/share/texlive/texmf-dist/tex/latex/enumitem/enumitem.sty
Package: enumitem 2019/06/20 v3.9 Customized lists
\labelindent=\skip67
\enit@outerparindent=\dimen161
\enit@toks=\toks31
\enit@inbox=\box52
\enit@count@id=\count270
\enitdp@description=\count271
) (/usr/share/texlive/texmf-dist/tex/latex/subfigure/subfigure.sty
Package: subfigure 2002/03/15 v2.1.5 subfigure package
\subfigtopskip=\skip68
\subfigcapskip=\skip69
\subfigcaptopadj=\dimen162
\subfigbottomskip=\skip70
\subfigcapmargin=\dimen163
\subfiglabelskip=\skip71
\c@subfigure=\count272
\c@lofdepth=\count273
\c@subtable=\count274
\c@lotdepth=\count275

****************************************
* Local config file subfigure.cfg used *
****************************************
(/usr/share/texlive/texmf-dist/tex/latex/subfigure/subfigure.cfg)
\subfig@top=\skip72
\subfig@bottom=\skip73
)
\c@mlseries=\count276
\c@mlalgorithm=\count277
\c@theorem=\count278
\c@remark=\count279
\c@definition=\count280
\c@example=\count281
\c@exercise=\count282
\@float@every@mlalgo=\toks32
\c@mlalgo=\count283
)
\c@mlanswer=\count284
) (/usr/share/texlive/texmf-dist/tex/latex/l3backend/l3backend-pdfmode.def
File: l3backend-pdfmode.def 2020-02-03 L3 backend support: PDF mode
\l__kernel_color_stack_int=\count285
\l__pdf_internal_box=\box53
) (/media/ba13/Data/College/7.0_Sem/CS771/Assignment2/hw2/hw2sol.aux)
\openout1 = `hw2sol.aux'.

LaTeX Font Info:    Checking defaults for OML/cmm/m/it on input line 5.
LaTeX Font Info:    ... okay on input line 5.
LaTeX Font Info:    Checking defaults for OMS/cmsy/m/n on input line 5.
LaTeX Font Info:    ... okay on input line 5.
LaTeX Font Info:    Checking defaults for OT1/cmr/m/n on input line 5.
LaTeX Font Info:    ... okay on input line 5.
LaTeX Font Info:    Checking defaults for T1/cmr/m/n on input line 5.
LaTeX Font Info:    ... okay on input line 5.
LaTeX Font Info:    Checking defaults for TS1/cmr/m/n on input line 5.
LaTeX Font Info:    ... okay on input line 5.
LaTeX Font Info:    Checking defaults for OMX/cmex/m/n on input line 5.
LaTeX Font Info:    ... okay on input line 5.
LaTeX Font Info:    Checking defaults for U/cmr/m/n on input line 5.
LaTeX Font Info:    ... okay on input line 5.
LaTeX Font Info:    Checking defaults for PD1/pdf/m/n on input line 5.
LaTeX Font Info:    ... okay on input line 5.
 (/usr/share/texlive/texmf-dist/tex/context/base/mkii/supp-pdf.mkii
[Loading MPS to PDF converter (version 2006.09.02).]
\scratchcounter=\count286
\scratchdimen=\dimen164
\scratchbox=\box54
\nofMPsegments=\count287
\nofMParguments=\count288
\everyMPshowfont=\toks33
\MPscratchCnt=\count289
\MPscratchDim=\dimen165
\MPnumerator=\count290
\makeMPintoPDFobject=\count291
\everyMPtoPDFconversion=\toks34
) (/usr/share/texlive/texmf-dist/tex/latex/epstopdf-pkg/epstopdf-base.sty
Package: epstopdf-base 2020-01-24 v2.11 Base part for package epstopdf
Package epstopdf-base Info: Redefining graphics rule for `.eps' on input line 485.
 (/usr/share/texlive/texmf-dist/tex/latex/latexconfig/epstopdf-sys.cfg
File: epstopdf-sys.cfg 2010/07/13 v1.3 Configuration of (r)epstopdf for TeX Live
))
\AtBeginShipoutBox=\box55
Package hyperref Info: Link coloring OFF on input line 5.
 (/usr/share/texlive/texmf-dist/tex/latex/hyperref/nameref.sty
Package: nameref 2019/09/16 v2.46 Cross-referencing by name of section
 (/usr/share/texlive/texmf-dist/tex/latex/refcount/refcount.sty
Package: refcount 2019/12/15 v3.6 Data extraction from label references (HO)
) (/usr/share/texlive/texmf-dist/tex/generic/gettitlestring/gettitlestring.sty
Package: gettitlestring 2019/12/15 v1.6 Cleanup title references (HO)
)
\c@section@level=\count292
)
LaTeX Info: Redefining \ref on input line 5.
LaTeX Info: Redefining \pageref on input line 5.
LaTeX Info: Redefining \nameref on input line 5.
 (/media/ba13/Data/College/7.0_Sem/CS771/Assignment2/hw2/hw2sol.out) (/media/ba13/Data/College/7.0_Sem/CS771/Assignment2/hw2/hw2sol.out)
\@outlinefile=\write3
\openout3 = `hw2sol.out'.

LaTeX Font Info:    Trying to load font information for U+msa on input line 11.
 (/usr/share/texlive/texmf-dist/tex/latex/amsfonts/umsa.fd
File: umsa.fd 2013/01/14 v3.01 AMS symbols A
)
LaTeX Font Info:    Trying to load font information for U+msb on input line 11.
 (/usr/share/texlive/texmf-dist/tex/latex/amsfonts/umsb.fd
File: umsb.fd 2013/01/14 v3.01 AMS symbols B
)
LaTeX Font Info:    Trying to load font information for U+stmry on input line 11.
 (/usr/share/texlive/texmf-dist/tex/latex/stmaryrd/Ustmry.fd)
Overfull \hbox (17.0pt too wide) in paragraph at lines 11--11
[][] 
 []

[1

{/var/lib/texmf/fonts/map/pdftex/updmap/pdftex.map}]
Overfull \hbox (17.0pt too wide) in paragraph at lines 47--47
[][] 
 []

[2

]
Overfull \hbox (17.0pt too wide) in paragraph at lines 84--84
[][] 
 []

[3

]
Overfull \hbox (17.0pt too wide) in paragraph at lines 110--110
[][] 
 []

[4

] [5]
Overfull \hbox (17.0pt too wide) in paragraph at lines 161--161
[][] 
 []

<../data/kernel_ridge_figs/Lambda_0.1_.png, id=71, 867.24pt x 505.89pt>
File: ../data/kernel_ridge_figs/Lambda_0.1_.png Graphic file (type png)
<use ../data/kernel_ridge_figs/Lambda_0.1_.png>
Package pdftex.def Info: ../data/kernel_ridge_figs/Lambda_0.1_.png  used on input line 196.
(pdftex.def)             Requested size: 221.95676pt x 129.47496pt.
<../data/kernel_ridge_figs/Lambda_1_.png, id=73, 867.24pt x 505.89pt>
File: ../data/kernel_ridge_figs/Lambda_1_.png Graphic file (type png)
<use ../data/kernel_ridge_figs/Lambda_1_.png>
Package pdftex.def Info: ../data/kernel_ridge_figs/Lambda_1_.png  used on input line 197.
(pdftex.def)             Requested size: 221.95676pt x 129.47496pt.
<../data/kernel_ridge_figs/Lambda_10_.png, id=74, 867.24pt x 505.89pt>
File: ../data/kernel_ridge_figs/Lambda_10_.png Graphic file (type png)
<use ../data/kernel_ridge_figs/Lambda_10_.png>
Package pdftex.def Info: ../data/kernel_ridge_figs/Lambda_10_.png  used on input line 199.
(pdftex.def)             Requested size: 221.95676pt x 129.47496pt.
<../data/kernel_ridge_figs/Lambda_100_.png, id=75, 867.24pt x 505.89pt>
File: ../data/kernel_ridge_figs/Lambda_100_.png Graphic file (type png)
<use ../data/kernel_ridge_figs/Lambda_100_.png>
Package pdftex.def Info: ../data/kernel_ridge_figs/Lambda_100_.png  used on input line 200.
(pdftex.def)             Requested size: 221.95676pt x 129.47496pt.
[6

]
<../data/landmark_ridge_figs/L_2_.png, id=84, 867.24pt x 505.89pt>
File: ../data/landmark_ridge_figs/L_2_.png Graphic file (type png)
<use ../data/landmark_ridge_figs/L_2_.png>
Package pdftex.def Info: ../data/landmark_ridge_figs/L_2_.png  used on input line 242.
(pdftex.def)             Requested size: 221.95676pt x 129.47496pt.
<../data/landmark_ridge_figs/L_5_.png, id=85, 867.24pt x 505.89pt>
File: ../data/landmark_ridge_figs/L_5_.png Graphic file (type png)
<use ../data/landmark_ridge_figs/L_5_.png>
Package pdftex.def Info: ../data/landmark_ridge_figs/L_5_.png  used on input line 243.
(pdftex.def)             Requested size: 221.95676pt x 129.47496pt.
<../data/landmark_ridge_figs/L_20_.png, id=86, 867.24pt x 505.89pt>
File: ../data/landmark_ridge_figs/L_20_.png Graphic file (type png)
<use ../data/landmark_ridge_figs/L_20_.png>
Package pdftex.def Info: ../data/landmark_ridge_figs/L_20_.png  used on input line 245.
(pdftex.def)             Requested size: 221.95676pt x 129.47496pt.
<../data/landmark_ridge_figs/L_50_.png, id=87, 867.24pt x 505.89pt>
File: ../data/landmark_ridge_figs/L_50_.png Graphic file (type png)
<use ../data/landmark_ridge_figs/L_50_.png>
Package pdftex.def Info: ../data/landmark_ridge_figs/L_50_.png  used on input line 246.
(pdftex.def)             Requested size: 221.95676pt x 129.47496pt.
<../data/landmark_ridge_figs/L_100_.png, id=88, 867.24pt x 505.89pt>
File: ../data/landmark_ridge_figs/L_100_.png Graphic file (type png)
<use ../data/landmark_ridge_figs/L_100_.png>
Package pdftex.def Info: ../data/landmark_ridge_figs/L_100_.png  used on input line 247.
(pdftex.def)             Requested size: 221.95676pt x 129.47496pt.
 [7pdfTeX warning (ext4): destination with the same identifier (name{figure.1}) has been already used, duplicate ignored

\AtBegShi@Output ...ipout \box \AtBeginShipoutBox 
                                                  \fi \fi 
l.251 \end{figure}
                   <../data/kernel_ridge_figs/Lambda_0.1_.png> <../data/kernel_ridge_figs/Lambda_1_.png> <../data/kernel_ridge_figs/Lambda_10_.png> <../data/kernel_ridge_figs/Lambda_100_.png>]
<../data/manual_kmeans_figs/3d.png, id=107, 462.528pt x 346.896pt>
File: ../data/manual_kmeans_figs/3d.png Graphic file (type png)
<use ../data/manual_kmeans_figs/3d.png>
Package pdftex.def Info: ../data/manual_kmeans_figs/3d.png  used on input line 259.
(pdftex.def)             Requested size: 221.95676pt x 166.47113pt.
<../data/manual_kmeans_figs/2d.png, id=108, 462.528pt x 346.896pt>
File: ../data/manual_kmeans_figs/2d.png Graphic file (type png)
<use ../data/manual_kmeans_figs/2d.png>
Package pdftex.def Info: ../data/manual_kmeans_figs/2d.png  used on input line 260.
(pdftex.def)             Requested size: 221.95676pt x 166.47113pt.
 [8pdfTeX warning (ext4): destination with the same identifier (name{figure.2}) has been already used, duplicate ignored

\AtBegShi@Output ...ipout \box \AtBeginShipoutBox 
                                                  \fi \fi 
l.265 
       <../data/landmark_ridge_figs/L_2_.png> <../data/landmark_ridge_figs/L_5_.png> <../data/landmark_ridge_figs/L_20_.png> <../data/landmark_ridge_figs/L_50_.png> <../data/landmark_ridge_figs/L_100_.png>]
<../data/weird_kmeans_figs/0.png, id=124, 462.528pt x 346.896pt>
File: ../data/weird_kmeans_figs/0.png Graphic file (type png)
<use ../data/weird_kmeans_figs/0.png>
Package pdftex.def Info: ../data/weird_kmeans_figs/0.png  used on input line 271.
(pdftex.def)             Requested size: 144.95303pt x 108.71703pt.
<../data/weird_kmeans_figs/1.png, id=125, 462.528pt x 346.896pt>
File: ../data/weird_kmeans_figs/1.png Graphic file (type png)
<use ../data/weird_kmeans_figs/1.png>
Package pdftex.def Info: ../data/weird_kmeans_figs/1.png  used on input line 272.
(pdftex.def)             Requested size: 144.95303pt x 108.71703pt.
<../data/weird_kmeans_figs/2.png, id=126, 462.528pt x 346.896pt>
File: ../data/weird_kmeans_figs/2.png Graphic file (type png)
<use ../data/weird_kmeans_figs/2.png>
Package pdftex.def Info: ../data/weird_kmeans_figs/2.png  used on input line 273.
(pdftex.def)             Requested size: 144.95303pt x 108.71703pt.
<../data/weird_kmeans_figs/3.png, id=127, 462.528pt x 346.896pt>
File: ../data/weird_kmeans_figs/3.png Graphic file (type png)
<use ../data/weird_kmeans_figs/3.png>
Package pdftex.def Info: ../data/weird_kmeans_figs/3.png  used on input line 274.
(pdftex.def)             Requested size: 144.95303pt x 108.71703pt.
<../data/weird_kmeans_figs/4.png, id=128, 462.528pt x 346.896pt>
File: ../data/weird_kmeans_figs/4.png Graphic file (type png)
<use ../data/weird_kmeans_figs/4.png>
Package pdftex.def Info: ../data/weird_kmeans_figs/4.png  used on input line 275.
(pdftex.def)             Requested size: 144.95303pt x 108.71703pt.
<../data/weird_kmeans_figs/5.png, id=129, 462.528pt x 346.896pt>
File: ../data/weird_kmeans_figs/5.png Graphic file (type png)
<use ../data/weird_kmeans_figs/5.png>
Package pdftex.def Info: ../data/weird_kmeans_figs/5.png  used on input line 276.
(pdftex.def)             Requested size: 144.95303pt x 108.71703pt.
<../data/weird_kmeans_figs/6.png, id=130, 462.528pt x 346.896pt>
File: ../data/weird_kmeans_figs/6.png Graphic file (type png)
<use ../data/weird_kmeans_figs/6.png>
Package pdftex.def Info: ../data/weird_kmeans_figs/6.png  used on input line 277.
(pdftex.def)             Requested size: 144.95303pt x 108.71703pt.
<../data/weird_kmeans_figs/7.png, id=131, 462.528pt x 346.896pt>
File: ../data/weird_kmeans_figs/7.png Graphic file (type png)
<use ../data/weird_kmeans_figs/7.png>
Package pdftex.def Info: ../data/weird_kmeans_figs/7.png  used on input line 278.
(pdftex.def)             Requested size: 144.95303pt x 108.71703pt.
<../data/weird_kmeans_figs/8.png, id=132, 462.528pt x 346.896pt>
File: ../data/weird_kmeans_figs/8.png Graphic file (type png)
<use ../data/weird_kmeans_figs/8.png>
Package pdftex.def Info: ../data/weird_kmeans_figs/8.png  used on input line 279.
(pdftex.def)             Requested size: 144.95303pt x 108.71703pt.
<../data/weird_kmeans_figs/9.png, id=133, 462.528pt x 346.896pt>
File: ../data/weird_kmeans_figs/9.png Graphic file (type png)
<use ../data/weird_kmeans_figs/9.png>
Package pdftex.def Info: ../data/weird_kmeans_figs/9.png  used on input line 280.
(pdftex.def)             Requested size: 144.95303pt x 108.71703pt.
 [9pdfTeX warning (ext4): destination with the same identifier (name{figure.3}) has been already used, duplicate ignored

\AtBegShi@Output ...ipout \box \AtBeginShipoutBox 
                                                  \fi \fi 
l.285 
       <../data/manual_kmeans_figs/3d.png> <../data/manual_kmeans_figs/2d.png>]
<../data/weird_kmeans_figs/3d_3.png, id=143, 462.528pt x 346.896pt>
File: ../data/weird_kmeans_figs/3d_3.png Graphic file (type png)
<use ../data/weird_kmeans_figs/3d_3.png>
Package pdftex.def Info: ../data/weird_kmeans_figs/3d_3.png  used on input line 290.
(pdftex.def)             Requested size: 362.37569pt x 271.79521pt.
 [10pdfTeX warning (ext4): destination with the same identifier (name{figure.4}) has been already used, duplicate ignored

\AtBegShi@Output ...ipout \box \AtBeginShipoutBox 
                                                  \fi \fi 
l.294 
       <../data/weird_kmeans_figs/0.png> <../data/weird_kmeans_figs/1.png> <../data/weird_kmeans_figs/2.png> <../data/weird_kmeans_figs/3.png> <../data/weird_kmeans_figs/4.png> <../data/weird_kmeans_figs/5.png> <../data/weird_kmeans_figs/6.png> <../data/weird_kmeans_figs/7.png> <../data/weird_kmeans_figs/8.png> <../data/weird_kmeans_figs/9.png>]
<../data/mnist_figs/pca.png, id=171, 401.0985pt x 312.9291pt>
File: ../data/mnist_figs/pca.png Graphic file (type png)
<use ../data/mnist_figs/pca.png>
Package pdftex.def Info: ../data/mnist_figs/pca.png  used on input line 304.
(pdftex.def)             Requested size: 221.95676pt x 173.16678pt.
<../data/mnist_figs/tsne.png, id=172, 388.0899pt x 312.9291pt>
File: ../data/mnist_figs/tsne.png Graphic file (type png)
<use ../data/mnist_figs/tsne.png>
Package pdftex.def Info: ../data/mnist_figs/tsne.png  used on input line 305.
(pdftex.def)             Requested size: 221.95676pt x 178.97307pt.
 [11pdfTeX warning (ext4): destination with the same identifier (name{figure.5}) has been already used, duplicate ignored

\AtBegShi@Output ...ipout \box \AtBeginShipoutBox 
                                                  \fi \fi 
l.310 
       <../data/weird_kmeans_figs/3d_3.png>] [12pdfTeX warning (ext4): destination with the same identifier (name{figure.6}) has been already used, duplicate ignored

\AtBegShi@Output ...ipout \box \AtBeginShipoutBox 
                                                  \fi \fi 
l.311 \end{mlsolution}
                       <../data/mnist_figs/pca.png> <../data/mnist_figs/tsne.png>]
Package atveryend Info: Empty hook `BeforeClearDocument' on input line 314.
Package atveryend Info: Empty hook `AfterLastShipout' on input line 314.
 (/media/ba13/Data/College/7.0_Sem/CS771/Assignment2/hw2/hw2sol.aux)
Package atveryend Info: Executing hook `AtVeryEndDocument' on input line 314.
Package atveryend Info: Executing hook `AtEndAfterFileList' on input line 314.
Package rerunfilecheck Info: File `hw2sol.out' has not changed.
(rerunfilecheck)             Checksum: D41D8CD98F00B204E9800998ECF8427E;0.
Package atveryend Info: Empty hook `AtVeryVeryEnd' on input line 314.
 ) 
Here is how much of TeX's memory you used:
 8710 strings out of 483107
 125445 string characters out of 5964630
 389908 words of memory out of 5000000
 23454 multiletter control sequences out of 15000+600000
 541818 words of font info for 60 fonts, out of 8000000 for 9000
 59 hyphenation exceptions out of 8191
 50i,17n,42p,569b,587s stack positions out of 5000i,500n,10000p,200000b,80000s
 </home/ba13/.texlive2019/texmf-var/fonts/pk/ljfour/jknappen/ec/tcrm1095.600pk></usr/share/texlive/texmf-dist/fonts/type1/public/amsfonts/cm/cmbx10.pfb></usr/share/texlive/texmf-dist/fonts/type1/public/amsfonts/cm/cmex10.pfb></usr/share/texlive/texmf-dist/fonts/type1/public/amsfonts/cmextra/cmex8.pfb></usr/share/texlive/texmf-dist/fonts/type1/public/amsfonts/cm/cmmi10.pfb></usr/share/texlive/texmf-dist/fonts/type1/public/amsfonts/cm/cmmi6.pfb></usr/share/texlive/texmf-dist/fonts/type1/public/amsfonts/cm/cmmi8.pfb></usr/share/texlive/texmf-dist/fonts/type1/public/amsfonts/cm/cmr10.pfb></usr/share/texlive/texmf-dist/fonts/type1/public/amsfonts/cm/cmr6.pfb></usr/share/texlive/texmf-dist/fonts/type1/public/amsfonts/cm/cmr8.pfb></usr/share/texlive/texmf-dist/fonts/type1/public/amsfonts/cm/cmr9.pfb></usr/share/texlive/texmf-dist/fonts/type1/public/amsfonts/cm/cmss10.pfb></usr/share/texlive/texmf-dist/fonts/type1/public/amsfonts/cm/cmssbx10.pfb></usr/share/texlive/texmf-dist/fonts/type1/public/amsfonts/cm/cmsy10.pfb></usr/share/texlive/texmf-dist/fonts/type1/public/amsfonts/cm/cmsy8.pfb></usr/share/texlive/texmf-dist/fonts/type1/public/amsfonts/cm/cmti10.pfb></usr/share/texlive/texmf-dist/fonts/type1/public/amsfonts/cm/cmtt10.pfb></usr/share/texlive/texmf-dist/fonts/type1/public/amsfonts/cm/cmtt8.pfb></usr/share/texlive/texmf-dist/fonts/type1/public/amsfonts/symbols/msbm10.pfb>
Output written on /media/ba13/Data/College/7.0_Sem/CS771/Assignment2/hw2/hw2sol.pdf (12 pages, 732645 bytes).
PDF statistics:
 266 PDF objects out of 1000 (max. 8388607)
 183 compressed objects within 2 object streams
 71 named destinations out of 1000 (max. 500000)
 121 words of extra memory for PDF output out of 10000 (max. 10000000)

